<?xml version="1.0" encoding="UTF-8"?>
<testng-results ignored="0" total="1" passed="1" failed="0" skipped="0">
  <reporter-output>
  </reporter-output>
  <suite started-at="2024-08-27T17:40:39 IST" name="Default suite" finished-at="2024-08-27T17:40:44 IST" duration-ms="4997">
    <groups>
    </groups>
    <test started-at="2024-08-27T17:40:39 IST" name="Default test" finished-at="2024-08-27T17:40:44 IST" duration-ms="4997">
      <class name="tests.JsonScehmaValidator">
        <test-method signature="test2()[pri:0, instance:tests.JsonScehmaValidator@c8c12ac]" started-at="2024-08-27T17:40:39 IST" name="test2" finished-at="2024-08-27T17:40:44 IST" duration-ms="4909" status="PASS">
          <reporter-output>
          </reporter-output>
        </test-method> <!-- test2 -->
      </class> <!-- tests.JsonScehmaValidator -->
    </test> <!-- Default test -->
  </suite> <!-- Default suite -->
</testng-results>
